warning ..\..\package.json: No license field
$ storybook build --output-dir C:\Users\ALBA~1.LOP\AppData\Local\Temp\chromatic--1220-8xvFUOoM70kH
@storybook/cli v7.6.6

info => Cleaning outputDir: C:\Users\ALBA~1.LOP\AppData\Local\Temp\chromatic--1220-8xvFUOoM70kH
info => Loading presets
WARN Could not resolve addon "@storybook/preset-create-react-app", skipping. Is it installed?
WARN Could not resolve addon "@storybook/preset-create-react-app", skipping. Is it installed?
info => Building manager..
info => Manager built (365 ms)
info => Building preview..
info => Copying static files: C:\Users\alba.lopezmelian\OneDrive - Plexus Tech\Documentos\CODIGO\Librerías\StoryBook\storybook-test-00\storybook-tutorial\taskbox\node_modules\@storybook\manager\static at C:\Users\ALBA~1.LOP\AppData\Local\Temp\chromatic--1220-8xvFUOoM70kH\sb-common-assets
info => Copying static files: C:\Users\alba.lopezmelian\OneDrive - Plexus Tech\Documentos\CODIGO\Librerías\StoryBook\storybook-test-00\storybook-tutorial\taskbox\public at C:\Users\ALBA~1.LOP\AppData\Local\Temp\chromatic--1220-8xvFUOoM70kH\
[36mvite v4.5.1 [32mbuilding for production...[36m[39m

./sb-common-assets/fonts.css doesn't exist at build time, it will remain unchanged to be resolved at runtime
transforming...
node_modules/telejson/dist/index.mjs (1413:15) Use of eval in "node_modules/telejson/dist/index.mjs" is strongly discouraged as it poses security risks and may cause issues with minification.
node_modules/telejson/dist/index.mjs (1416:18) Use of eval in "node_modules/telejson/dist/index.mjs" is strongly discouraged as it poses security risks and may cause issues with minification.
[32m✓[39m 837 modules transformed.
rendering chunks...
computing gzip size...
[2m../../../../../../../../../ALBA~1.LOP/AppData/Local/Temp/chromatic--1220-8xvFUOoM70kH/[22m[32miframe.html                                    [39m[1m[2m 12.61 kB[22m[1m[22m[2m │ gzip:   3.58 kB[22m
[2m../../../../../../../../../ALBA~1.LOP/AppData/Local/Temp/chromatic--1220-8xvFUOoM70kH/[22m[32massets/percolate-dac75269.ttf                  [39m[1m[2m 34.04 kB[22m[1m[22m
[2m../../../../../../../../../ALBA~1.LOP/AppData/Local/Temp/chromatic--1220-8xvFUOoM70kH/[22m[32massets/percolate-ec979d96.woff                 [39m[1m[2m 34.11 kB[22m[1m[22m
[2m../../../../../../../../../ALBA~1.LOP/AppData/Local/Temp/chromatic--1220-8xvFUOoM70kH/[22m[32massets/percolate-5ed633c2.eot                  [39m[1m[2m 34.21 kB[22m[1m[22m
[2m../../../../../../../../../ALBA~1.LOP/AppData/Local/Temp/chromatic--1220-8xvFUOoM70kH/[22m[32massets/percolate-d13fa91b.svg                  [39m[1m[2m140.51 kB[22m[1m[22m[2m │ gzip:  46.93 kB[22m
[2m../../../../../../../../../ALBA~1.LOP/AppData/Local/Temp/chromatic--1220-8xvFUOoM70kH/[22m[35massets/preview-4f244d89.css                    [39m[1m[2m  6.87 kB[22m[1m[22m[2m │ gzip:   2.05 kB[22m
[2m../../../../../../../../../ALBA~1.LOP/AppData/Local/Temp/chromatic--1220-8xvFUOoM70kH/[22m[36massets/_commonjs-dynamic-modules-302442b1.js   [39m[1m[2m  0.24 kB[22m[1m[22m[2m │ gzip:   0.19 kB[22m
[2m../../../../../../../../../ALBA~1.LOP/AppData/Local/Temp/chromatic--1220-8xvFUOoM70kH/[22m[36massets/WithTooltip-V3YHNWJZ-47e625dd.js        [39m[1m[2m  0.44 kB[22m[1m[22m[2m │ gzip:   0.27 kB[22m
[2m../../../../../../../../../ALBA~1.LOP/AppData/Local/Temp/chromatic--1220-8xvFUOoM70kH/[22m[36massets/syntaxhighlighter-V7JZZA35-5e624221.js  [39m[1m[2m  0.45 kB[22m[1m[22m[2m │ gzip:   0.29 kB[22m
[2m../../../../../../../../../ALBA~1.LOP/AppData/Local/Temp/chromatic--1220-8xvFUOoM70kH/[22m[36massets/preview-e662b80c.js                     [39m[1m[2m  0.51 kB[22m[1m[22m[2m │ gzip:   0.33 kB[22m
[2m../../../../../../../../../ALBA~1.LOP/AppData/Local/Temp/chromatic--1220-8xvFUOoM70kH/[22m[36massets/index-3fd0d1ea.js                       [39m[1m[2m  0.58 kB[22m[1m[22m[2m │ gzip:   0.35 kB[22m
[2m../../../../../../../../../ALBA~1.LOP/AppData/Local/Temp/chromatic--1220-8xvFUOoM70kH/[22m[36massets/preview-73104b77.js                     [39m[1m[2m  0.64 kB[22m[1m[22m[2m │ gzip:   0.45 kB[22m
[2m../../../../../../../../../ALBA~1.LOP/AppData/Local/Temp/chromatic--1220-8xvFUOoM70kH/[22m[36massets/_commonjsHelpers-de833af9.js            [39m[1m[2m  0.69 kB[22m[1m[22m[2m │ gzip:   0.38 kB[22m
[2m../../../../../../../../../ALBA~1.LOP/AppData/Local/Temp/chromatic--1220-8xvFUOoM70kH/[22m[36massets/index-356e4a49.js                       [39m[1m[2m  0.77 kB[22m[1m[22m[2m │ gzip:   0.47 kB[22m
[2m../../../../../../../../../ALBA~1.LOP/AppData/Local/Temp/chromatic--1220-8xvFUOoM70kH/[22m[36massets/index-8d47fad6.js                       [39m[1m[2m  0.80 kB[22m[1m[22m[2m │ gzip:   0.52 kB[22m
[2m../../../../../../../../../ALBA~1.LOP/AppData/Local/Temp/chromatic--1220-8xvFUOoM70kH/[22m[36massets/preview-0ef86afd.js                     [39m[1m[2m  0.86 kB[22m[1m[22m[2m │ gzip:   0.55 kB[22m
[2m../../../../../../../../../ALBA~1.LOP/AppData/Local/Temp/chromatic--1220-8xvFUOoM70kH/[22m[36massets/preview-0ffcb590.js                     [39m[1m[2m  1.04 kB[22m[1m[22m[2m │ gzip:   0.68 kB[22m
[2m../../../../../../../../../ALBA~1.LOP/AppData/Local/Temp/chromatic--1220-8xvFUOoM70kH/[22m[36massets/entry-preview-fb6629d6.js               [39m[1m[2m  1.12 kB[22m[1m[22m[2m │ gzip:   0.66 kB[22m
[2m../../../../../../../../../ALBA~1.LOP/AppData/Local/Temp/chromatic--1220-8xvFUOoM70kH/[22m[36massets/InboxScreen.stories-3c0d9f8b.js         [39m[1m[2m  1.74 kB[22m[1m[22m[2m │ gzip:   0.79 kB[22m
[2m../../../../../../../../../ALBA~1.LOP/AppData/Local/Temp/chromatic--1220-8xvFUOoM70kH/[22m[36massets/index-11d98b33.js                       [39m[1m[2m  2.59 kB[22m[1m[22m[2m │ gzip:   1.26 kB[22m
[2m../../../../../../../../../ALBA~1.LOP/AppData/Local/Temp/chromatic--1220-8xvFUOoM70kH/[22m[36massets/preview-30b54f76.js                     [39m[1m[2m  3.21 kB[22m[1m[22m[2m │ gzip:   1.37 kB[22m
[2m../../../../../../../../../ALBA~1.LOP/AppData/Local/Temp/chromatic--1220-8xvFUOoM70kH/[22m[36massets/Task.stories-d9de387d.js                [39m[1m[2m  3.50 kB[22m[1m[22m[2m │ gzip:   1.50 kB[22m
[2m../../../../../../../../../ALBA~1.LOP/AppData/Local/Temp/chromatic--1220-8xvFUOoM70kH/[22m[36massets/iframe-dd929dd9.js                      [39m[1m[2m  4.64 kB[22m[1m[22m[2m │ gzip:   1.66 kB[22m
[2m../../../../../../../../../ALBA~1.LOP/AppData/Local/Temp/chromatic--1220-8xvFUOoM70kH/[22m[36massets/preview-d01b88e8.js                     [39m[1m[2m  5.23 kB[22m[1m[22m[2m │ gzip:   2.41 kB[22m
[2m../../../../../../../../../ALBA~1.LOP/AppData/Local/Temp/chromatic--1220-8xvFUOoM70kH/[22m[36massets/index-76fb7be0.js                       [39m[1m[2m  7.16 kB[22m[1m[22m[2m │ gzip:   2.91 kB[22m
[2m../../../../../../../../../ALBA~1.LOP/AppData/Local/Temp/chromatic--1220-8xvFUOoM70kH/[22m[36massets/preview-da31036b.js                     [39m[1m[2m  7.62 kB[22m[1m[22m[2m │ gzip:   1.55 kB[22m
[2m../../../../../../../../../ALBA~1.LOP/AppData/Local/Temp/chromatic--1220-8xvFUOoM70kH/[22m[36massets/preview-c56bf6ac.js                     [39m[1m[2m  8.28 kB[22m[1m[22m[2m │ gzip:   3.17 kB[22m
[2m../../../../../../../../../ALBA~1.LOP/AppData/Local/Temp/chromatic--1220-8xvFUOoM70kH/[22m[36massets/index-da07a199.js                       [39m[1m[2m 13.61 kB[22m[1m[22m[2m │ gzip:   5.13 kB[22m
[2m../../../../../../../../../ALBA~1.LOP/AppData/Local/Temp/chromatic--1220-8xvFUOoM70kH/[22m[36massets/Color-6VNJS4EI-9e688e21.js              [39m[1m[2m 17.64 kB[22m[1m[22m[2m │ gzip:   6.81 kB[22m
[2m../../../../../../../../../ALBA~1.LOP/AppData/Local/Temp/chromatic--1220-8xvFUOoM70kH/[22m[36massets/TaskList.stories-e409b618.js            [39m[1m[2m 31.78 kB[22m[1m[22m[2m │ gzip:  11.89 kB[22m
[2m../../../../../../../../../ALBA~1.LOP/AppData/Local/Temp/chromatic--1220-8xvFUOoM70kH/[22m[36massets/preview-686cf62d.js                     [39m[1m[2m 34.24 kB[22m[1m[22m[2m │ gzip:  13.42 kB[22m
[2m../../../../../../../../../ALBA~1.LOP/AppData/Local/Temp/chromatic--1220-8xvFUOoM70kH/[22m[36massets/preview-21802b0a.js                     [39m[1m[2m 72.07 kB[22m[1m[22m[2m │ gzip:  24.41 kB[22m
[2m../../../../../../../../../ALBA~1.LOP/AppData/Local/Temp/chromatic--1220-8xvFUOoM70kH/[22m[36massets/_getPrototype-1e53b583.js               [39m[1m[2m 78.40 kB[22m[1m[22m[2m │ gzip:  23.54 kB[22m
[2m../../../../../../../../../ALBA~1.LOP/AppData/Local/Temp/chromatic--1220-8xvFUOoM70kH/[22m[36massets/react-18-236157c6.js                    [39m[1m[2m134.55 kB[22m[1m[22m[2m │ gzip:  43.45 kB[22m
[2m../../../../../../../../../ALBA~1.LOP/AppData/Local/Temp/chromatic--1220-8xvFUOoM70kH/[22m[36massets/entry-preview-docs-17bdf6ae.js          [39m[1m[2m212.41 kB[22m[1m[22m[2m │ gzip:  66.48 kB[22m
[2m../../../../../../../../../ALBA~1.LOP/AppData/Local/Temp/chromatic--1220-8xvFUOoM70kH/[22m[36massets/index-03d05a58.js                       [39m[1m[2m375.25 kB[22m[1m[22m[2m │ gzip: 116.12 kB[22m
[2m../../../../../../../../../ALBA~1.LOP/AppData/Local/Temp/chromatic--1220-8xvFUOoM70kH/[22m[36massets/DocsRenderer-NNNQARDV-a7251454.js       [39m[1m[33m537.37 kB[39m[22m[2m │ gzip: 175.75 kB[22m
[2m../../../../../../../../../ALBA~1.LOP/AppData/Local/Temp/chromatic--1220-8xvFUOoM70kH/[22m[36massets/axe-18789938.js                         [39m[1m[33m556.58 kB[39m[22m[2m │ gzip: 152.93 kB[22m
[2m../../../../../../../../../ALBA~1.LOP/AppData/Local/Temp/chromatic--1220-8xvFUOoM70kH/[22m[36massets/formatter-SWP5E3XI-f72f337b.js          [39m[1m[33m601.64 kB[39m[22m[2m │ gzip: 186.24 kB[22m
[33m
(!) Some chunks are larger than 500 kBs after minification. Consider:
- Using dynamic import() to code-split the application
- Use build.rollupOptions.output.manualChunks to improve chunking: https://rollupjs.org/configuration-options/#output-manualchunks
- Adjust chunk size limit for this warning via build.chunkSizeWarningLimit.[39m
[32m✓ built in 6.18s[39m
info => Preview built (6.94 s)
info => Output directory: C:\Users\ALBA~1.LOP\AppData\Local\Temp\chromatic--1220-8xvFUOoM70kH
